# JRE version: OpenJDK Runtime Environment (11.0.10) (build 11.0.10+0-b96-7249189)
# Java VM: OpenJDK 64-Bit Server VM (11.0.10+0-b96-7249189, mixed mode, tiered, compressed oops, g1 gc, windows-amd64)
Heap:
 garbage-first heap   total 126976K, used 47640K [0x0000000080000000, 0x0000000100000000)
  region size 1024K, 34 young (34816K), 2 survivors (2048K)
 Metaspace       used 25093K, capacity 25740K, committed 25904K, reserved 1071104K
  class space    used 3190K, capacity 3420K, committed 3456K, reserved 1048576K
GC Heap History (6 events):
Event: 1.066 GC heap before
{Heap before GC invocations=0 (full 0):
 garbage-first heap   total 126976K, used 29696K [0x0000000080000000, 0x0000000100000000)
  region size 1024K, 24 young (24576K), 0 survivors (0K)
 Metaspace       used 10791K, capacity 11065K, committed 11264K, reserved 1058816K
  class space    used 1140K, capacity 1200K, committed 1280K, reserved 1048576K
}
Event: 1.075 GC heap after
{Heap after GC invocations=1 (full 0):
 garbage-first heap   total 126976K, used 8481K [0x0000000080000000, 0x0000000100000000)
  region size 1024K, 3 young (3072K), 3 survivors (3072K)
 Metaspace       used 10791K, capacity 11065K, committed 11264K, reserved 1058816K
  class space    used 1140K, capacity 1200K, committed 1280K, reserved 1048576K
}
Event: 1.876 GC heap before
{Heap before GC invocations=1 (full 0):
 garbage-first heap   total 126976K, used 55585K [0x0000000080000000, 0x0000000100000000)
  region size 1024K, 50 young (51200K), 3 survivors (3072K)
 Metaspace       used 14081K, capacity 14551K, committed 14848K, reserved 1062912K
  class space    used 1619K, capacity 1748K, committed 1792K, reserved 1048576K
}
Event: 1.884 GC heap after
{Heap after GC invocations=2 (full 0):
 garbage-first heap   total 126976K, used 14336K [0x0000000080000000, 0x0000000100000000)
  region size 1024K, 7 young (7168K), 7 survivors (7168K)
 Metaspace       used 14081K, capacity 14551K, committed 14848K, reserved 1062912K
  class space    used 1619K, capacity 1748K, committed 1792K, reserved 1048576K
}
Event: 3.155 GC heap before
{Heap before GC invocations=2 (full 0):
 garbage-first heap   total 126976K, used 49152K [0x0000000080000000, 0x0000000100000000)
  region size 1024K, 43 young (44032K), 7 survivors (7168K)
 Metaspace       used 20711K, capacity 21169K, committed 21296K, reserved 1069056K
  class space    used 2491K, capacity 2636K, committed 2688K, reserved 1048576K
}
Event: 3.162 GC heap after
{Heap after GC invocations=3 (full 0):
 garbage-first heap   total 126976K, used 15896K [0x0000000080000000, 0x0000000100000000)
  region size 1024K, 2 young (2048K), 2 survivors (2048K)
 Metaspace       used 20711K, capacity 21169K, committed 21296K, reserved 1069056K
  class space    used 2491K, capacity 2636K, committed 2688K, reserved 1048576K
}

